<?xml version="1.0" encoding="UTF-8"?>
<testsuite xmlns:xsi="http://www.w3.org/2001/XMLSchema-instance" xsi:noNamespaceSchemaLocation="https://maven.apache.org/surefire/maven-surefire-plugin/xsd/surefire-test-report.xsd" name="com.example.controllers.BookControllerTest" time="1.115" tests="6" errors="0" skipped="0" failures="0">
  <properties>
[...]
</properties>
  <testcase name="deleteBook_ShouldReturnNoContent" classname="com.example.controllers.BookControllerTest" time="0.736"/>
  <testcase name="getAllBooks_ShouldReturnListOfBooks" classname="com.example.controllers.BookControllerTest" time="0.098"/>
  <testcase name="getBookByISBN_ShouldReturnBook" classname="com.example.controllers.BookControllerTest" time="0.031"/>
  <testcase name="addBook_ShouldReturnCreatedBook" classname="com.example.controllers.BookControllerTest" time="0.087"/>
  <testcase name="getBook_ShouldReturnBook" classname="com.example.controllers.BookControllerTest" time="0.013"/>
  <testcase name="updateBook_ShouldReturnUpdatedBook" classname="com.example.controllers.BookControllerTest" time="0.027"/>
</testsuite>